2025-07-31T13:52:12.795Z [CrossChainResolver] ERROR: Error in processOrders: Converting circular structure to JSON
    --> starting at object with constructor 'ClientRequest'
    |     property 'res' -> object with constructor 'IncomingMessage'
    --- property 'req' closes the circle {
  "stack": "TypeError: Converting circular structure to JSON\n    --> starting at object with constructor 'ClientRequest'\n    |     property 'res' -> object with constructor 'IncomingMessage'\n    --- property 'req' closes the circle\n    at JSON.stringify (<anonymous>)\n    at Printf.template (/Users/bryanhirawan/Documents/Self/ETHGlobal-Unite/united-resolver/src/utils/logger.ts:9:39)\n    at Printf.transform (/Users/bryanhirawan/Documents/Self/ETHGlobal-Unite/united-resolver/node_modules/logform/printf.js:11:26)\n    at Format.transform (/Users/bryanhirawan/Documents/Self/ETHGlobal-Unite/united-resolver/node_modules/logform/combine.js:20:24)\n    at DerivedLogger._transform (/Users/bryanhirawan/Documents/Self/ETHGlobal-Unite/united-resolver/node_modules/winston/lib/winston/logger.js:314:29)\n    at Transform._read (/Users/bryanhirawan/Documents/Self/ETHGlobal-Unite/united-resolver/node_modules/readable-stream/lib/_stream_transform.js:166:10)\n    at Transform._write (/Users/bryanhirawan/Documents/Self/ETHGlobal-Unite/united-resolver/node_modules/readable-stream/lib/_stream_transform.js:155:83)\n    at doWrite (/Users/bryanhirawan/Documents/Self/ETHGlobal-Unite/united-resolver/node_modules/readable-stream/lib/_stream_writable.js:390:139)\n    at writeOrBuffer (/Users/bryanhirawan/Documents/Self/ETHGlobal-Unite/united-resolver/node_modules/readable-stream/lib/_stream_writable.js:381:5)\n    at Writable.write (/Users/bryanhirawan/Documents/Self/ETHGlobal-Unite/united-resolver/node_modules/readable-stream/lib/_stream_writable.js:302:11)"
}
2025-07-31T13:52:14.375Z [CrossChainResolver] ERROR: Error in processOrders: Converting circular structure to JSON
    --> starting at object with constructor 'ClientRequest'
    |     property 'res' -> object with constructor 'IncomingMessage'
    --- property 'req' closes the circle {
  "stack": "TypeError: Converting circular structure to JSON\n    --> starting at object with constructor 'ClientRequest'\n    |     property 'res' -> object with constructor 'IncomingMessage'\n    --- property 'req' closes the circle\n    at JSON.stringify (<anonymous>)\n    at Printf.template (/Users/bryanhirawan/Documents/Self/ETHGlobal-Unite/united-resolver/src/utils/logger.ts:9:39)\n    at Printf.transform (/Users/bryanhirawan/Documents/Self/ETHGlobal-Unite/united-resolver/node_modules/logform/printf.js:11:26)\n    at Format.transform (/Users/bryanhirawan/Documents/Self/ETHGlobal-Unite/united-resolver/node_modules/logform/combine.js:20:24)\n    at DerivedLogger._transform (/Users/bryanhirawan/Documents/Self/ETHGlobal-Unite/united-resolver/node_modules/winston/lib/winston/logger.js:314:29)\n    at Transform._read (/Users/bryanhirawan/Documents/Self/ETHGlobal-Unite/united-resolver/node_modules/readable-stream/lib/_stream_transform.js:166:10)\n    at Transform._write (/Users/bryanhirawan/Documents/Self/ETHGlobal-Unite/united-resolver/node_modules/readable-stream/lib/_stream_transform.js:155:83)\n    at doWrite (/Users/bryanhirawan/Documents/Self/ETHGlobal-Unite/united-resolver/node_modules/readable-stream/lib/_stream_writable.js:390:139)\n    at writeOrBuffer (/Users/bryanhirawan/Documents/Self/ETHGlobal-Unite/united-resolver/node_modules/readable-stream/lib/_stream_writable.js:381:5)\n    at Writable.write (/Users/bryanhirawan/Documents/Self/ETHGlobal-Unite/united-resolver/node_modules/readable-stream/lib/_stream_writable.js:302:11)"
}
2025-07-31T13:52:20.853Z [CrossChainResolver] ERROR: Error in processOrders: Converting circular structure to JSON
    --> starting at object with constructor 'ClientRequest'
    |     property 'res' -> object with constructor 'IncomingMessage'
    --- property 'req' closes the circle {
  "stack": "TypeError: Converting circular structure to JSON\n    --> starting at object with constructor 'ClientRequest'\n    |     property 'res' -> object with constructor 'IncomingMessage'\n    --- property 'req' closes the circle\n    at JSON.stringify (<anonymous>)\n    at Printf.template (/Users/bryanhirawan/Documents/Self/ETHGlobal-Unite/united-resolver/src/utils/logger.ts:9:39)\n    at Printf.transform (/Users/bryanhirawan/Documents/Self/ETHGlobal-Unite/united-resolver/node_modules/logform/printf.js:11:26)\n    at Format.transform (/Users/bryanhirawan/Documents/Self/ETHGlobal-Unite/united-resolver/node_modules/logform/combine.js:20:24)\n    at DerivedLogger._transform (/Users/bryanhirawan/Documents/Self/ETHGlobal-Unite/united-resolver/node_modules/winston/lib/winston/logger.js:314:29)\n    at Transform._read (/Users/bryanhirawan/Documents/Self/ETHGlobal-Unite/united-resolver/node_modules/readable-stream/lib/_stream_transform.js:166:10)\n    at Transform._write (/Users/bryanhirawan/Documents/Self/ETHGlobal-Unite/united-resolver/node_modules/readable-stream/lib/_stream_transform.js:155:83)\n    at doWrite (/Users/bryanhirawan/Documents/Self/ETHGlobal-Unite/united-resolver/node_modules/readable-stream/lib/_stream_writable.js:390:139)\n    at writeOrBuffer (/Users/bryanhirawan/Documents/Self/ETHGlobal-Unite/united-resolver/node_modules/readable-stream/lib/_stream_writable.js:381:5)\n    at Writable.write (/Users/bryanhirawan/Documents/Self/ETHGlobal-Unite/united-resolver/node_modules/readable-stream/lib/_stream_writable.js:302:11)"
}
2025-07-31T13:52:22.325Z [CrossChainResolver] ERROR: Error in processOrders: Converting circular structure to JSON
    --> starting at object with constructor 'ClientRequest'
    |     property 'res' -> object with constructor 'IncomingMessage'
    --- property 'req' closes the circle {
  "stack": "TypeError: Converting circular structure to JSON\n    --> starting at object with constructor 'ClientRequest'\n    |     property 'res' -> object with constructor 'IncomingMessage'\n    --- property 'req' closes the circle\n    at JSON.stringify (<anonymous>)\n    at Printf.template (/Users/bryanhirawan/Documents/Self/ETHGlobal-Unite/united-resolver/src/utils/logger.ts:9:39)\n    at Printf.transform (/Users/bryanhirawan/Documents/Self/ETHGlobal-Unite/united-resolver/node_modules/logform/printf.js:11:26)\n    at Format.transform (/Users/bryanhirawan/Documents/Self/ETHGlobal-Unite/united-resolver/node_modules/logform/combine.js:20:24)\n    at DerivedLogger._transform (/Users/bryanhirawan/Documents/Self/ETHGlobal-Unite/united-resolver/node_modules/winston/lib/winston/logger.js:314:29)\n    at Transform._read (/Users/bryanhirawan/Documents/Self/ETHGlobal-Unite/united-resolver/node_modules/readable-stream/lib/_stream_transform.js:166:10)\n    at Transform._write (/Users/bryanhirawan/Documents/Self/ETHGlobal-Unite/united-resolver/node_modules/readable-stream/lib/_stream_transform.js:155:83)\n    at doWrite (/Users/bryanhirawan/Documents/Self/ETHGlobal-Unite/united-resolver/node_modules/readable-stream/lib/_stream_writable.js:390:139)\n    at writeOrBuffer (/Users/bryanhirawan/Documents/Self/ETHGlobal-Unite/united-resolver/node_modules/readable-stream/lib/_stream_writable.js:381:5)\n    at Writable.write (/Users/bryanhirawan/Documents/Self/ETHGlobal-Unite/united-resolver/node_modules/readable-stream/lib/_stream_writable.js:302:11)"
}
2025-07-31T13:52:24.288Z [CrossChainResolver] ERROR: Error in processOrders: Converting circular structure to JSON
    --> starting at object with constructor 'ClientRequest'
    |     property 'res' -> object with constructor 'IncomingMessage'
    --- property 'req' closes the circle {
  "stack": "TypeError: Converting circular structure to JSON\n    --> starting at object with constructor 'ClientRequest'\n    |     property 'res' -> object with constructor 'IncomingMessage'\n    --- property 'req' closes the circle\n    at JSON.stringify (<anonymous>)\n    at Printf.template (/Users/bryanhirawan/Documents/Self/ETHGlobal-Unite/united-resolver/src/utils/logger.ts:9:39)\n    at Printf.transform (/Users/bryanhirawan/Documents/Self/ETHGlobal-Unite/united-resolver/node_modules/logform/printf.js:11:26)\n    at Format.transform (/Users/bryanhirawan/Documents/Self/ETHGlobal-Unite/united-resolver/node_modules/logform/combine.js:20:24)\n    at DerivedLogger._transform (/Users/bryanhirawan/Documents/Self/ETHGlobal-Unite/united-resolver/node_modules/winston/lib/winston/logger.js:314:29)\n    at Transform._read (/Users/bryanhirawan/Documents/Self/ETHGlobal-Unite/united-resolver/node_modules/readable-stream/lib/_stream_transform.js:166:10)\n    at Transform._write (/Users/bryanhirawan/Documents/Self/ETHGlobal-Unite/united-resolver/node_modules/readable-stream/lib/_stream_transform.js:155:83)\n    at doWrite (/Users/bryanhirawan/Documents/Self/ETHGlobal-Unite/united-resolver/node_modules/readable-stream/lib/_stream_writable.js:390:139)\n    at writeOrBuffer (/Users/bryanhirawan/Documents/Self/ETHGlobal-Unite/united-resolver/node_modules/readable-stream/lib/_stream_writable.js:381:5)\n    at Writable.write (/Users/bryanhirawan/Documents/Self/ETHGlobal-Unite/united-resolver/node_modules/readable-stream/lib/_stream_writable.js:302:11)"
}
2025-07-31T13:52:26.287Z [CrossChainResolver] ERROR: Error in processOrders: Converting circular structure to JSON
    --> starting at object with constructor 'ClientRequest'
    |     property 'res' -> object with constructor 'IncomingMessage'
    --- property 'req' closes the circle {
  "stack": "TypeError: Converting circular structure to JSON\n    --> starting at object with constructor 'ClientRequest'\n    |     property 'res' -> object with constructor 'IncomingMessage'\n    --- property 'req' closes the circle\n    at JSON.stringify (<anonymous>)\n    at Printf.template (/Users/bryanhirawan/Documents/Self/ETHGlobal-Unite/united-resolver/src/utils/logger.ts:9:39)\n    at Printf.transform (/Users/bryanhirawan/Documents/Self/ETHGlobal-Unite/united-resolver/node_modules/logform/printf.js:11:26)\n    at Format.transform (/Users/bryanhirawan/Documents/Self/ETHGlobal-Unite/united-resolver/node_modules/logform/combine.js:20:24)\n    at DerivedLogger._transform (/Users/bryanhirawan/Documents/Self/ETHGlobal-Unite/united-resolver/node_modules/winston/lib/winston/logger.js:314:29)\n    at Transform._read (/Users/bryanhirawan/Documents/Self/ETHGlobal-Unite/united-resolver/node_modules/readable-stream/lib/_stream_transform.js:166:10)\n    at Transform._write (/Users/bryanhirawan/Documents/Self/ETHGlobal-Unite/united-resolver/node_modules/readable-stream/lib/_stream_transform.js:155:83)\n    at doWrite (/Users/bryanhirawan/Documents/Self/ETHGlobal-Unite/united-resolver/node_modules/readable-stream/lib/_stream_writable.js:390:139)\n    at writeOrBuffer (/Users/bryanhirawan/Documents/Self/ETHGlobal-Unite/united-resolver/node_modules/readable-stream/lib/_stream_writable.js:381:5)\n    at Writable.write (/Users/bryanhirawan/Documents/Self/ETHGlobal-Unite/united-resolver/node_modules/readable-stream/lib/_stream_writable.js:302:11)"
}
2025-07-31T13:52:28.290Z [CrossChainResolver] ERROR: Error in processOrders: Converting circular structure to JSON
    --> starting at object with constructor 'ClientRequest'
    |     property 'res' -> object with constructor 'IncomingMessage'
    --- property 'req' closes the circle {
  "stack": "TypeError: Converting circular structure to JSON\n    --> starting at object with constructor 'ClientRequest'\n    |     property 'res' -> object with constructor 'IncomingMessage'\n    --- property 'req' closes the circle\n    at JSON.stringify (<anonymous>)\n    at Printf.template (/Users/bryanhirawan/Documents/Self/ETHGlobal-Unite/united-resolver/src/utils/logger.ts:9:39)\n    at Printf.transform (/Users/bryanhirawan/Documents/Self/ETHGlobal-Unite/united-resolver/node_modules/logform/printf.js:11:26)\n    at Format.transform (/Users/bryanhirawan/Documents/Self/ETHGlobal-Unite/united-resolver/node_modules/logform/combine.js:20:24)\n    at DerivedLogger._transform (/Users/bryanhirawan/Documents/Self/ETHGlobal-Unite/united-resolver/node_modules/winston/lib/winston/logger.js:314:29)\n    at Transform._read (/Users/bryanhirawan/Documents/Self/ETHGlobal-Unite/united-resolver/node_modules/readable-stream/lib/_stream_transform.js:166:10)\n    at Transform._write (/Users/bryanhirawan/Documents/Self/ETHGlobal-Unite/united-resolver/node_modules/readable-stream/lib/_stream_transform.js:155:83)\n    at doWrite (/Users/bryanhirawan/Documents/Self/ETHGlobal-Unite/united-resolver/node_modules/readable-stream/lib/_stream_writable.js:390:139)\n    at writeOrBuffer (/Users/bryanhirawan/Documents/Self/ETHGlobal-Unite/united-resolver/node_modules/readable-stream/lib/_stream_writable.js:381:5)\n    at Writable.write (/Users/bryanhirawan/Documents/Self/ETHGlobal-Unite/united-resolver/node_modules/readable-stream/lib/_stream_writable.js:302:11)"
}
2025-07-31T13:52:30.287Z [CrossChainResolver] ERROR: Error in processOrders: Converting circular structure to JSON
    --> starting at object with constructor 'ClientRequest'
    |     property 'res' -> object with constructor 'IncomingMessage'
    --- property 'req' closes the circle {
  "stack": "TypeError: Converting circular structure to JSON\n    --> starting at object with constructor 'ClientRequest'\n    |     property 'res' -> object with constructor 'IncomingMessage'\n    --- property 'req' closes the circle\n    at JSON.stringify (<anonymous>)\n    at Printf.template (/Users/bryanhirawan/Documents/Self/ETHGlobal-Unite/united-resolver/src/utils/logger.ts:9:39)\n    at Printf.transform (/Users/bryanhirawan/Documents/Self/ETHGlobal-Unite/united-resolver/node_modules/logform/printf.js:11:26)\n    at Format.transform (/Users/bryanhirawan/Documents/Self/ETHGlobal-Unite/united-resolver/node_modules/logform/combine.js:20:24)\n    at DerivedLogger._transform (/Users/bryanhirawan/Documents/Self/ETHGlobal-Unite/united-resolver/node_modules/winston/lib/winston/logger.js:314:29)\n    at Transform._read (/Users/bryanhirawan/Documents/Self/ETHGlobal-Unite/united-resolver/node_modules/readable-stream/lib/_stream_transform.js:166:10)\n    at Transform._write (/Users/bryanhirawan/Documents/Self/ETHGlobal-Unite/united-resolver/node_modules/readable-stream/lib/_stream_transform.js:155:83)\n    at doWrite (/Users/bryanhirawan/Documents/Self/ETHGlobal-Unite/united-resolver/node_modules/readable-stream/lib/_stream_writable.js:390:139)\n    at writeOrBuffer (/Users/bryanhirawan/Documents/Self/ETHGlobal-Unite/united-resolver/node_modules/readable-stream/lib/_stream_writable.js:381:5)\n    at Writable.write (/Users/bryanhirawan/Documents/Self/ETHGlobal-Unite/united-resolver/node_modules/readable-stream/lib/_stream_writable.js:302:11)"
}
2025-07-31T13:52:32.313Z [CrossChainResolver] ERROR: Error in processOrders: Converting circular structure to JSON
    --> starting at object with constructor 'ClientRequest'
    |     property 'res' -> object with constructor 'IncomingMessage'
    --- property 'req' closes the circle {
  "stack": "TypeError: Converting circular structure to JSON\n    --> starting at object with constructor 'ClientRequest'\n    |     property 'res' -> object with constructor 'IncomingMessage'\n    --- property 'req' closes the circle\n    at JSON.stringify (<anonymous>)\n    at Printf.template (/Users/bryanhirawan/Documents/Self/ETHGlobal-Unite/united-resolver/src/utils/logger.ts:9:39)\n    at Printf.transform (/Users/bryanhirawan/Documents/Self/ETHGlobal-Unite/united-resolver/node_modules/logform/printf.js:11:26)\n    at Format.transform (/Users/bryanhirawan/Documents/Self/ETHGlobal-Unite/united-resolver/node_modules/logform/combine.js:20:24)\n    at DerivedLogger._transform (/Users/bryanhirawan/Documents/Self/ETHGlobal-Unite/united-resolver/node_modules/winston/lib/winston/logger.js:314:29)\n    at Transform._read (/Users/bryanhirawan/Documents/Self/ETHGlobal-Unite/united-resolver/node_modules/readable-stream/lib/_stream_transform.js:166:10)\n    at Transform._write (/Users/bryanhirawan/Documents/Self/ETHGlobal-Unite/united-resolver/node_modules/readable-stream/lib/_stream_transform.js:155:83)\n    at doWrite (/Users/bryanhirawan/Documents/Self/ETHGlobal-Unite/united-resolver/node_modules/readable-stream/lib/_stream_writable.js:390:139)\n    at writeOrBuffer (/Users/bryanhirawan/Documents/Self/ETHGlobal-Unite/united-resolver/node_modules/readable-stream/lib/_stream_writable.js:381:5)\n    at Writable.write (/Users/bryanhirawan/Documents/Self/ETHGlobal-Unite/united-resolver/node_modules/readable-stream/lib/_stream_writable.js:302:11)"
}
2025-07-31T13:52:34.296Z [CrossChainResolver] ERROR: Error in processOrders: Converting circular structure to JSON
    --> starting at object with constructor 'ClientRequest'
    |     property 'res' -> object with constructor 'IncomingMessage'
    --- property 'req' closes the circle {
  "stack": "TypeError: Converting circular structure to JSON\n    --> starting at object with constructor 'ClientRequest'\n    |     property 'res' -> object with constructor 'IncomingMessage'\n    --- property 'req' closes the circle\n    at JSON.stringify (<anonymous>)\n    at Printf.template (/Users/bryanhirawan/Documents/Self/ETHGlobal-Unite/united-resolver/src/utils/logger.ts:9:39)\n    at Printf.transform (/Users/bryanhirawan/Documents/Self/ETHGlobal-Unite/united-resolver/node_modules/logform/printf.js:11:26)\n    at Format.transform (/Users/bryanhirawan/Documents/Self/ETHGlobal-Unite/united-resolver/node_modules/logform/combine.js:20:24)\n    at DerivedLogger._transform (/Users/bryanhirawan/Documents/Self/ETHGlobal-Unite/united-resolver/node_modules/winston/lib/winston/logger.js:314:29)\n    at Transform._read (/Users/bryanhirawan/Documents/Self/ETHGlobal-Unite/united-resolver/node_modules/readable-stream/lib/_stream_transform.js:166:10)\n    at Transform._write (/Users/bryanhirawan/Documents/Self/ETHGlobal-Unite/united-resolver/node_modules/readable-stream/lib/_stream_transform.js:155:83)\n    at doWrite (/Users/bryanhirawan/Documents/Self/ETHGlobal-Unite/united-resolver/node_modules/readable-stream/lib/_stream_writable.js:390:139)\n    at writeOrBuffer (/Users/bryanhirawan/Documents/Self/ETHGlobal-Unite/united-resolver/node_modules/readable-stream/lib/_stream_writable.js:381:5)\n    at Writable.write (/Users/bryanhirawan/Documents/Self/ETHGlobal-Unite/united-resolver/node_modules/readable-stream/lib/_stream_writable.js:302:11)"
}
2025-07-31T13:52:36.295Z [CrossChainResolver] ERROR: Error in processOrders: Converting circular structure to JSON
    --> starting at object with constructor 'ClientRequest'
    |     property 'res' -> object with constructor 'IncomingMessage'
    --- property 'req' closes the circle {
  "stack": "TypeError: Converting circular structure to JSON\n    --> starting at object with constructor 'ClientRequest'\n    |     property 'res' -> object with constructor 'IncomingMessage'\n    --- property 'req' closes the circle\n    at JSON.stringify (<anonymous>)\n    at Printf.template (/Users/bryanhirawan/Documents/Self/ETHGlobal-Unite/united-resolver/src/utils/logger.ts:9:39)\n    at Printf.transform (/Users/bryanhirawan/Documents/Self/ETHGlobal-Unite/united-resolver/node_modules/logform/printf.js:11:26)\n    at Format.transform (/Users/bryanhirawan/Documents/Self/ETHGlobal-Unite/united-resolver/node_modules/logform/combine.js:20:24)\n    at DerivedLogger._transform (/Users/bryanhirawan/Documents/Self/ETHGlobal-Unite/united-resolver/node_modules/winston/lib/winston/logger.js:314:29)\n    at Transform._read (/Users/bryanhirawan/Documents/Self/ETHGlobal-Unite/united-resolver/node_modules/readable-stream/lib/_stream_transform.js:166:10)\n    at Transform._write (/Users/bryanhirawan/Documents/Self/ETHGlobal-Unite/united-resolver/node_modules/readable-stream/lib/_stream_transform.js:155:83)\n    at doWrite (/Users/bryanhirawan/Documents/Self/ETHGlobal-Unite/united-resolver/node_modules/readable-stream/lib/_stream_writable.js:390:139)\n    at writeOrBuffer (/Users/bryanhirawan/Documents/Self/ETHGlobal-Unite/united-resolver/node_modules/readable-stream/lib/_stream_writable.js:381:5)\n    at Writable.write (/Users/bryanhirawan/Documents/Self/ETHGlobal-Unite/united-resolver/node_modules/readable-stream/lib/_stream_writable.js:302:11)"
}
2025-07-31T13:52:38.301Z [CrossChainResolver] ERROR: Error in processOrders: Converting circular structure to JSON
    --> starting at object with constructor 'ClientRequest'
    |     property 'res' -> object with constructor 'IncomingMessage'
    --- property 'req' closes the circle {
  "stack": "TypeError: Converting circular structure to JSON\n    --> starting at object with constructor 'ClientRequest'\n    |     property 'res' -> object with constructor 'IncomingMessage'\n    --- property 'req' closes the circle\n    at JSON.stringify (<anonymous>)\n    at Printf.template (/Users/bryanhirawan/Documents/Self/ETHGlobal-Unite/united-resolver/src/utils/logger.ts:9:39)\n    at Printf.transform (/Users/bryanhirawan/Documents/Self/ETHGlobal-Unite/united-resolver/node_modules/logform/printf.js:11:26)\n    at Format.transform (/Users/bryanhirawan/Documents/Self/ETHGlobal-Unite/united-resolver/node_modules/logform/combine.js:20:24)\n    at DerivedLogger._transform (/Users/bryanhirawan/Documents/Self/ETHGlobal-Unite/united-resolver/node_modules/winston/lib/winston/logger.js:314:29)\n    at Transform._read (/Users/bryanhirawan/Documents/Self/ETHGlobal-Unite/united-resolver/node_modules/readable-stream/lib/_stream_transform.js:166:10)\n    at Transform._write (/Users/bryanhirawan/Documents/Self/ETHGlobal-Unite/united-resolver/node_modules/readable-stream/lib/_stream_transform.js:155:83)\n    at doWrite (/Users/bryanhirawan/Documents/Self/ETHGlobal-Unite/united-resolver/node_modules/readable-stream/lib/_stream_writable.js:390:139)\n    at writeOrBuffer (/Users/bryanhirawan/Documents/Self/ETHGlobal-Unite/united-resolver/node_modules/readable-stream/lib/_stream_writable.js:381:5)\n    at Writable.write (/Users/bryanhirawan/Documents/Self/ETHGlobal-Unite/united-resolver/node_modules/readable-stream/lib/_stream_writable.js:302:11)"
}
2025-07-31T13:52:40.305Z [CrossChainResolver] ERROR: Error in processOrders: Converting circular structure to JSON
    --> starting at object with constructor 'ClientRequest'
    |     property 'res' -> object with constructor 'IncomingMessage'
    --- property 'req' closes the circle {
  "stack": "TypeError: Converting circular structure to JSON\n    --> starting at object with constructor 'ClientRequest'\n    |     property 'res' -> object with constructor 'IncomingMessage'\n    --- property 'req' closes the circle\n    at JSON.stringify (<anonymous>)\n    at Printf.template (/Users/bryanhirawan/Documents/Self/ETHGlobal-Unite/united-resolver/src/utils/logger.ts:9:39)\n    at Printf.transform (/Users/bryanhirawan/Documents/Self/ETHGlobal-Unite/united-resolver/node_modules/logform/printf.js:11:26)\n    at Format.transform (/Users/bryanhirawan/Documents/Self/ETHGlobal-Unite/united-resolver/node_modules/logform/combine.js:20:24)\n    at DerivedLogger._transform (/Users/bryanhirawan/Documents/Self/ETHGlobal-Unite/united-resolver/node_modules/winston/lib/winston/logger.js:314:29)\n    at Transform._read (/Users/bryanhirawan/Documents/Self/ETHGlobal-Unite/united-resolver/node_modules/readable-stream/lib/_stream_transform.js:166:10)\n    at Transform._write (/Users/bryanhirawan/Documents/Self/ETHGlobal-Unite/united-resolver/node_modules/readable-stream/lib/_stream_transform.js:155:83)\n    at doWrite (/Users/bryanhirawan/Documents/Self/ETHGlobal-Unite/united-resolver/node_modules/readable-stream/lib/_stream_writable.js:390:139)\n    at writeOrBuffer (/Users/bryanhirawan/Documents/Self/ETHGlobal-Unite/united-resolver/node_modules/readable-stream/lib/_stream_writable.js:381:5)\n    at Writable.write (/Users/bryanhirawan/Documents/Self/ETHGlobal-Unite/united-resolver/node_modules/readable-stream/lib/_stream_writable.js:302:11)"
}
2025-07-31T13:52:42.295Z [CrossChainResolver] ERROR: Error in processOrders: Converting circular structure to JSON
    --> starting at object with constructor 'ClientRequest'
    |     property 'res' -> object with constructor 'IncomingMessage'
    --- property 'req' closes the circle {
  "stack": "TypeError: Converting circular structure to JSON\n    --> starting at object with constructor 'ClientRequest'\n    |     property 'res' -> object with constructor 'IncomingMessage'\n    --- property 'req' closes the circle\n    at JSON.stringify (<anonymous>)\n    at Printf.template (/Users/bryanhirawan/Documents/Self/ETHGlobal-Unite/united-resolver/src/utils/logger.ts:9:39)\n    at Printf.transform (/Users/bryanhirawan/Documents/Self/ETHGlobal-Unite/united-resolver/node_modules/logform/printf.js:11:26)\n    at Format.transform (/Users/bryanhirawan/Documents/Self/ETHGlobal-Unite/united-resolver/node_modules/logform/combine.js:20:24)\n    at DerivedLogger._transform (/Users/bryanhirawan/Documents/Self/ETHGlobal-Unite/united-resolver/node_modules/winston/lib/winston/logger.js:314:29)\n    at Transform._read (/Users/bryanhirawan/Documents/Self/ETHGlobal-Unite/united-resolver/node_modules/readable-stream/lib/_stream_transform.js:166:10)\n    at Transform._write (/Users/bryanhirawan/Documents/Self/ETHGlobal-Unite/united-resolver/node_modules/readable-stream/lib/_stream_transform.js:155:83)\n    at doWrite (/Users/bryanhirawan/Documents/Self/ETHGlobal-Unite/united-resolver/node_modules/readable-stream/lib/_stream_writable.js:390:139)\n    at writeOrBuffer (/Users/bryanhirawan/Documents/Self/ETHGlobal-Unite/united-resolver/node_modules/readable-stream/lib/_stream_writable.js:381:5)\n    at Writable.write (/Users/bryanhirawan/Documents/Self/ETHGlobal-Unite/united-resolver/node_modules/readable-stream/lib/_stream_writable.js:302:11)"
}
2025-07-31T13:52:44.329Z [CrossChainResolver] ERROR: Error in processOrders: Converting circular structure to JSON
    --> starting at object with constructor 'ClientRequest'
    |     property 'res' -> object with constructor 'IncomingMessage'
    --- property 'req' closes the circle {
  "stack": "TypeError: Converting circular structure to JSON\n    --> starting at object with constructor 'ClientRequest'\n    |     property 'res' -> object with constructor 'IncomingMessage'\n    --- property 'req' closes the circle\n    at JSON.stringify (<anonymous>)\n    at Printf.template (/Users/bryanhirawan/Documents/Self/ETHGlobal-Unite/united-resolver/src/utils/logger.ts:9:39)\n    at Printf.transform (/Users/bryanhirawan/Documents/Self/ETHGlobal-Unite/united-resolver/node_modules/logform/printf.js:11:26)\n    at Format.transform (/Users/bryanhirawan/Documents/Self/ETHGlobal-Unite/united-resolver/node_modules/logform/combine.js:20:24)\n    at DerivedLogger._transform (/Users/bryanhirawan/Documents/Self/ETHGlobal-Unite/united-resolver/node_modules/winston/lib/winston/logger.js:314:29)\n    at Transform._read (/Users/bryanhirawan/Documents/Self/ETHGlobal-Unite/united-resolver/node_modules/readable-stream/lib/_stream_transform.js:166:10)\n    at Transform._write (/Users/bryanhirawan/Documents/Self/ETHGlobal-Unite/united-resolver/node_modules/readable-stream/lib/_stream_transform.js:155:83)\n    at doWrite (/Users/bryanhirawan/Documents/Self/ETHGlobal-Unite/united-resolver/node_modules/readable-stream/lib/_stream_writable.js:390:139)\n    at writeOrBuffer (/Users/bryanhirawan/Documents/Self/ETHGlobal-Unite/united-resolver/node_modules/readable-stream/lib/_stream_writable.js:381:5)\n    at Writable.write (/Users/bryanhirawan/Documents/Self/ETHGlobal-Unite/united-resolver/node_modules/readable-stream/lib/_stream_writable.js:302:11)"
}
2025-07-31T13:52:46.299Z [CrossChainResolver] ERROR: Error in processOrders: Converting circular structure to JSON
    --> starting at object with constructor 'ClientRequest'
    |     property 'res' -> object with constructor 'IncomingMessage'
    --- property 'req' closes the circle {
  "stack": "TypeError: Converting circular structure to JSON\n    --> starting at object with constructor 'ClientRequest'\n    |     property 'res' -> object with constructor 'IncomingMessage'\n    --- property 'req' closes the circle\n    at JSON.stringify (<anonymous>)\n    at Printf.template (/Users/bryanhirawan/Documents/Self/ETHGlobal-Unite/united-resolver/src/utils/logger.ts:9:39)\n    at Printf.transform (/Users/bryanhirawan/Documents/Self/ETHGlobal-Unite/united-resolver/node_modules/logform/printf.js:11:26)\n    at Format.transform (/Users/bryanhirawan/Documents/Self/ETHGlobal-Unite/united-resolver/node_modules/logform/combine.js:20:24)\n    at DerivedLogger._transform (/Users/bryanhirawan/Documents/Self/ETHGlobal-Unite/united-resolver/node_modules/winston/lib/winston/logger.js:314:29)\n    at Transform._read (/Users/bryanhirawan/Documents/Self/ETHGlobal-Unite/united-resolver/node_modules/readable-stream/lib/_stream_transform.js:166:10)\n    at Transform._write (/Users/bryanhirawan/Documents/Self/ETHGlobal-Unite/united-resolver/node_modules/readable-stream/lib/_stream_transform.js:155:83)\n    at doWrite (/Users/bryanhirawan/Documents/Self/ETHGlobal-Unite/united-resolver/node_modules/readable-stream/lib/_stream_writable.js:390:139)\n    at writeOrBuffer (/Users/bryanhirawan/Documents/Self/ETHGlobal-Unite/united-resolver/node_modules/readable-stream/lib/_stream_writable.js:381:5)\n    at Writable.write (/Users/bryanhirawan/Documents/Self/ETHGlobal-Unite/united-resolver/node_modules/readable-stream/lib/_stream_writable.js:302:11)"
}
2025-07-31T13:52:48.304Z [CrossChainResolver] ERROR: Error in processOrders: Converting circular structure to JSON
    --> starting at object with constructor 'ClientRequest'
    |     property 'res' -> object with constructor 'IncomingMessage'
    --- property 'req' closes the circle {
  "stack": "TypeError: Converting circular structure to JSON\n    --> starting at object with constructor 'ClientRequest'\n    |     property 'res' -> object with constructor 'IncomingMessage'\n    --- property 'req' closes the circle\n    at JSON.stringify (<anonymous>)\n    at Printf.template (/Users/bryanhirawan/Documents/Self/ETHGlobal-Unite/united-resolver/src/utils/logger.ts:9:39)\n    at Printf.transform (/Users/bryanhirawan/Documents/Self/ETHGlobal-Unite/united-resolver/node_modules/logform/printf.js:11:26)\n    at Format.transform (/Users/bryanhirawan/Documents/Self/ETHGlobal-Unite/united-resolver/node_modules/logform/combine.js:20:24)\n    at DerivedLogger._transform (/Users/bryanhirawan/Documents/Self/ETHGlobal-Unite/united-resolver/node_modules/winston/lib/winston/logger.js:314:29)\n    at Transform._read (/Users/bryanhirawan/Documents/Self/ETHGlobal-Unite/united-resolver/node_modules/readable-stream/lib/_stream_transform.js:166:10)\n    at Transform._write (/Users/bryanhirawan/Documents/Self/ETHGlobal-Unite/united-resolver/node_modules/readable-stream/lib/_stream_transform.js:155:83)\n    at doWrite (/Users/bryanhirawan/Documents/Self/ETHGlobal-Unite/united-resolver/node_modules/readable-stream/lib/_stream_writable.js:390:139)\n    at writeOrBuffer (/Users/bryanhirawan/Documents/Self/ETHGlobal-Unite/united-resolver/node_modules/readable-stream/lib/_stream_writable.js:381:5)\n    at Writable.write (/Users/bryanhirawan/Documents/Self/ETHGlobal-Unite/united-resolver/node_modules/readable-stream/lib/_stream_writable.js:302:11)"
}
2025-07-31T13:52:50.303Z [CrossChainResolver] ERROR: Error in processOrders: Converting circular structure to JSON
    --> starting at object with constructor 'ClientRequest'
    |     property 'res' -> object with constructor 'IncomingMessage'
    --- property 'req' closes the circle {
  "stack": "TypeError: Converting circular structure to JSON\n    --> starting at object with constructor 'ClientRequest'\n    |     property 'res' -> object with constructor 'IncomingMessage'\n    --- property 'req' closes the circle\n    at JSON.stringify (<anonymous>)\n    at Printf.template (/Users/bryanhirawan/Documents/Self/ETHGlobal-Unite/united-resolver/src/utils/logger.ts:9:39)\n    at Printf.transform (/Users/bryanhirawan/Documents/Self/ETHGlobal-Unite/united-resolver/node_modules/logform/printf.js:11:26)\n    at Format.transform (/Users/bryanhirawan/Documents/Self/ETHGlobal-Unite/united-resolver/node_modules/logform/combine.js:20:24)\n    at DerivedLogger._transform (/Users/bryanhirawan/Documents/Self/ETHGlobal-Unite/united-resolver/node_modules/winston/lib/winston/logger.js:314:29)\n    at Transform._read (/Users/bryanhirawan/Documents/Self/ETHGlobal-Unite/united-resolver/node_modules/readable-stream/lib/_stream_transform.js:166:10)\n    at Transform._write (/Users/bryanhirawan/Documents/Self/ETHGlobal-Unite/united-resolver/node_modules/readable-stream/lib/_stream_transform.js:155:83)\n    at doWrite (/Users/bryanhirawan/Documents/Self/ETHGlobal-Unite/united-resolver/node_modules/readable-stream/lib/_stream_writable.js:390:139)\n    at writeOrBuffer (/Users/bryanhirawan/Documents/Self/ETHGlobal-Unite/united-resolver/node_modules/readable-stream/lib/_stream_writable.js:381:5)\n    at Writable.write (/Users/bryanhirawan/Documents/Self/ETHGlobal-Unite/united-resolver/node_modules/readable-stream/lib/_stream_writable.js:302:11)"
}
2025-07-31T13:52:54.363Z [CrossChainResolver] ERROR: Error in processOrders: Converting circular structure to JSON
    --> starting at object with constructor 'ClientRequest'
    |     property 'res' -> object with constructor 'IncomingMessage'
    --- property 'req' closes the circle {
  "stack": "TypeError: Converting circular structure to JSON\n    --> starting at object with constructor 'ClientRequest'\n    |     property 'res' -> object with constructor 'IncomingMessage'\n    --- property 'req' closes the circle\n    at JSON.stringify (<anonymous>)\n    at Printf.template (/Users/bryanhirawan/Documents/Self/ETHGlobal-Unite/united-resolver/src/utils/logger.ts:9:39)\n    at Printf.transform (/Users/bryanhirawan/Documents/Self/ETHGlobal-Unite/united-resolver/node_modules/logform/printf.js:11:26)\n    at Format.transform (/Users/bryanhirawan/Documents/Self/ETHGlobal-Unite/united-resolver/node_modules/logform/combine.js:20:24)\n    at DerivedLogger._transform (/Users/bryanhirawan/Documents/Self/ETHGlobal-Unite/united-resolver/node_modules/winston/lib/winston/logger.js:314:29)\n    at Transform._read (/Users/bryanhirawan/Documents/Self/ETHGlobal-Unite/united-resolver/node_modules/readable-stream/lib/_stream_transform.js:166:10)\n    at Transform._write (/Users/bryanhirawan/Documents/Self/ETHGlobal-Unite/united-resolver/node_modules/readable-stream/lib/_stream_transform.js:155:83)\n    at doWrite (/Users/bryanhirawan/Documents/Self/ETHGlobal-Unite/united-resolver/node_modules/readable-stream/lib/_stream_writable.js:390:139)\n    at writeOrBuffer (/Users/bryanhirawan/Documents/Self/ETHGlobal-Unite/united-resolver/node_modules/readable-stream/lib/_stream_writable.js:381:5)\n    at Writable.write (/Users/bryanhirawan/Documents/Self/ETHGlobal-Unite/united-resolver/node_modules/readable-stream/lib/_stream_writable.js:302:11)"
}
2025-07-31T13:52:56.185Z [CrossChainResolver] ERROR: Error in processOrders: Converting circular structure to JSON
    --> starting at object with constructor 'ClientRequest'
    |     property 'res' -> object with constructor 'IncomingMessage'
    --- property 'req' closes the circle {
  "stack": "TypeError: Converting circular structure to JSON\n    --> starting at object with constructor 'ClientRequest'\n    |     property 'res' -> object with constructor 'IncomingMessage'\n    --- property 'req' closes the circle\n    at JSON.stringify (<anonymous>)\n    at Printf.template (/Users/bryanhirawan/Documents/Self/ETHGlobal-Unite/united-resolver/src/utils/logger.ts:9:39)\n    at Printf.transform (/Users/bryanhirawan/Documents/Self/ETHGlobal-Unite/united-resolver/node_modules/logform/printf.js:11:26)\n    at Format.transform (/Users/bryanhirawan/Documents/Self/ETHGlobal-Unite/united-resolver/node_modules/logform/combine.js:20:24)\n    at DerivedLogger._transform (/Users/bryanhirawan/Documents/Self/ETHGlobal-Unite/united-resolver/node_modules/winston/lib/winston/logger.js:314:29)\n    at Transform._read (/Users/bryanhirawan/Documents/Self/ETHGlobal-Unite/united-resolver/node_modules/readable-stream/lib/_stream_transform.js:166:10)\n    at Transform._write (/Users/bryanhirawan/Documents/Self/ETHGlobal-Unite/united-resolver/node_modules/readable-stream/lib/_stream_transform.js:155:83)\n    at doWrite (/Users/bryanhirawan/Documents/Self/ETHGlobal-Unite/united-resolver/node_modules/readable-stream/lib/_stream_writable.js:390:139)\n    at writeOrBuffer (/Users/bryanhirawan/Documents/Self/ETHGlobal-Unite/united-resolver/node_modules/readable-stream/lib/_stream_writable.js:381:5)\n    at Writable.write (/Users/bryanhirawan/Documents/Self/ETHGlobal-Unite/united-resolver/node_modules/readable-stream/lib/_stream_writable.js:302:11)"
}
2025-07-31T13:52:58.190Z [CrossChainResolver] ERROR: Error in processOrders: Converting circular structure to JSON
    --> starting at object with constructor 'ClientRequest'
    |     property 'res' -> object with constructor 'IncomingMessage'
    --- property 'req' closes the circle {
  "stack": "TypeError: Converting circular structure to JSON\n    --> starting at object with constructor 'ClientRequest'\n    |     property 'res' -> object with constructor 'IncomingMessage'\n    --- property 'req' closes the circle\n    at JSON.stringify (<anonymous>)\n    at Printf.template (/Users/bryanhirawan/Documents/Self/ETHGlobal-Unite/united-resolver/src/utils/logger.ts:9:39)\n    at Printf.transform (/Users/bryanhirawan/Documents/Self/ETHGlobal-Unite/united-resolver/node_modules/logform/printf.js:11:26)\n    at Format.transform (/Users/bryanhirawan/Documents/Self/ETHGlobal-Unite/united-resolver/node_modules/logform/combine.js:20:24)\n    at DerivedLogger._transform (/Users/bryanhirawan/Documents/Self/ETHGlobal-Unite/united-resolver/node_modules/winston/lib/winston/logger.js:314:29)\n    at Transform._read (/Users/bryanhirawan/Documents/Self/ETHGlobal-Unite/united-resolver/node_modules/readable-stream/lib/_stream_transform.js:166:10)\n    at Transform._write (/Users/bryanhirawan/Documents/Self/ETHGlobal-Unite/united-resolver/node_modules/readable-stream/lib/_stream_transform.js:155:83)\n    at doWrite (/Users/bryanhirawan/Documents/Self/ETHGlobal-Unite/united-resolver/node_modules/readable-stream/lib/_stream_writable.js:390:139)\n    at writeOrBuffer (/Users/bryanhirawan/Documents/Self/ETHGlobal-Unite/united-resolver/node_modules/readable-stream/lib/_stream_writable.js:381:5)\n    at Writable.write (/Users/bryanhirawan/Documents/Self/ETHGlobal-Unite/united-resolver/node_modules/readable-stream/lib/_stream_writable.js:302:11)"
}
2025-07-31T13:53:02.112Z [CrossChainResolver] ERROR: Error in processOrders: 
2025-07-31T13:53:03.960Z [CrossChainResolver] ERROR: Error in processOrders: 
2025-07-31T13:53:05.990Z [CrossChainResolver] ERROR: Error in processOrders: 
2025-07-31T13:53:10.020Z [CrossChainResolver] ERROR: Error fetching orders from Sepolia relayer: 
2025-07-31T13:53:11.940Z [CrossChainResolver] ERROR: Error fetching orders from Sepolia relayer: 
2025-07-31T13:53:14.034Z [CrossChainResolver] ERROR: Error fetching orders from Sepolia relayer: 
2025-07-31T13:53:17.238Z [CrossChainResolver] ERROR: Error fetching orders from Sepolia relayer: 
2025-07-31T13:53:19.117Z [CrossChainResolver] ERROR: Error fetching orders from Sepolia relayer: 
2025-07-31T13:53:21.056Z [CrossChainResolver] ERROR: Error fetching orders from Sepolia relayer: 
2025-07-31T13:53:24.839Z [CrossChainResolver] ERROR: Error fetching orders from Sepolia relayer: 
2025-07-31T13:53:26.729Z [CrossChainResolver] ERROR: Error fetching orders from Sepolia relayer: 
2025-07-31T13:53:28.719Z [CrossChainResolver] ERROR: Error fetching orders from Sepolia relayer: 
2025-07-31T13:53:32.031Z [CrossChainResolver] ERROR: Error fetching orders from Sepolia relayer: 
2025-07-31T13:53:33.967Z [CrossChainResolver] ERROR: Error fetching orders from Sepolia relayer: 
2025-07-31T13:53:35.975Z [CrossChainResolver] ERROR: Error fetching orders from Sepolia relayer: 
2025-07-31T13:53:39.203Z [CrossChainResolver] ERROR: Error fetching orders from Sepolia relayer: 
2025-07-31T13:53:41.009Z [CrossChainResolver] ERROR: Error fetching orders from Sepolia relayer: 
2025-07-31T13:53:43.012Z [CrossChainResolver] ERROR: Error fetching orders from Sepolia relayer: 
2025-07-31T13:53:45.034Z [CrossChainResolver] ERROR: Error fetching orders from Sepolia relayer: 
2025-07-31T13:53:47.027Z [CrossChainResolver] ERROR: Error fetching orders from Sepolia relayer: 
2025-07-31T13:53:49.037Z [CrossChainResolver] ERROR: Error fetching orders from Sepolia relayer: 
2025-07-31T13:53:51.046Z [CrossChainResolver] ERROR: Error fetching orders from Sepolia relayer: 
2025-07-31T13:53:53.033Z [CrossChainResolver] ERROR: Error fetching orders from Sepolia relayer: 
2025-07-31T13:53:55.027Z [CrossChainResolver] ERROR: Error fetching orders from Sepolia relayer: 
2025-07-31T13:53:57.043Z [CrossChainResolver] ERROR: Error fetching orders from Sepolia relayer: 
2025-07-31T13:53:59.039Z [CrossChainResolver] ERROR: Error fetching orders from Sepolia relayer: 
2025-07-31T13:54:01.032Z [CrossChainResolver] ERROR: Error fetching orders from Sepolia relayer: 
2025-07-31T13:54:03.041Z [CrossChainResolver] ERROR: Error fetching orders from Sepolia relayer: 
2025-07-31T13:54:05.032Z [CrossChainResolver] ERROR: Error fetching orders from Sepolia relayer: 
2025-07-31T13:54:07.044Z [CrossChainResolver] ERROR: Error fetching orders from Sepolia relayer: 
2025-07-31T13:54:09.049Z [CrossChainResolver] ERROR: Error fetching orders from Sepolia relayer: 
2025-07-31T13:54:11.048Z [CrossChainResolver] ERROR: Error fetching orders from Sepolia relayer: 
2025-07-31T13:54:13.038Z [CrossChainResolver] ERROR: Error fetching orders from Sepolia relayer: 
2025-07-31T13:54:15.060Z [CrossChainResolver] ERROR: Error fetching orders from Sepolia relayer: 
2025-07-31T13:54:17.035Z [CrossChainResolver] ERROR: Error fetching orders from Sepolia relayer: 
2025-07-31T13:54:19.053Z [CrossChainResolver] ERROR: Error fetching orders from Sepolia relayer: 
2025-07-31T13:54:21.042Z [CrossChainResolver] ERROR: Error fetching orders from Sepolia relayer: 
2025-07-31T13:54:23.056Z [CrossChainResolver] ERROR: Error fetching orders from Sepolia relayer: 
2025-07-31T13:54:25.059Z [CrossChainResolver] ERROR: Error fetching orders from Sepolia relayer: 
2025-07-31T13:54:27.051Z [CrossChainResolver] ERROR: Error fetching orders from Sepolia relayer: 
2025-07-31T13:54:29.070Z [CrossChainResolver] ERROR: Error fetching orders from Sepolia relayer: 
2025-07-31T13:54:31.110Z [CrossChainResolver] ERROR: Error fetching orders from Sepolia relayer: 
2025-07-31T13:54:33.082Z [CrossChainResolver] ERROR: Error fetching orders from Sepolia relayer: 
2025-07-31T13:54:35.063Z [CrossChainResolver] ERROR: Error fetching orders from Sepolia relayer: 
2025-07-31T13:54:37.066Z [CrossChainResolver] ERROR: Error fetching orders from Sepolia relayer: 
2025-07-31T13:54:39.053Z [CrossChainResolver] ERROR: Error fetching orders from Sepolia relayer: 
2025-07-31T13:54:41.077Z [CrossChainResolver] ERROR: Error fetching orders from Sepolia relayer: 
2025-07-31T13:54:43.052Z [CrossChainResolver] ERROR: Error fetching orders from Sepolia relayer: 
2025-07-31T13:54:45.065Z [CrossChainResolver] ERROR: Error fetching orders from Sepolia relayer: 
2025-07-31T13:54:47.077Z [CrossChainResolver] ERROR: Error fetching orders from Sepolia relayer: 
2025-07-31T13:54:49.061Z [CrossChainResolver] ERROR: Error fetching orders from Sepolia relayer: 
2025-07-31T13:54:51.075Z [CrossChainResolver] ERROR: Error fetching orders from Sepolia relayer: 
2025-07-31T13:54:53.058Z [CrossChainResolver] ERROR: Error fetching orders from Sepolia relayer: 
2025-07-31T13:54:55.059Z [CrossChainResolver] ERROR: Error fetching orders from Sepolia relayer: 
2025-07-31T13:54:57.068Z [CrossChainResolver] ERROR: Error fetching orders from Sepolia relayer: 
2025-07-31T13:54:59.064Z [CrossChainResolver] ERROR: Error fetching orders from Sepolia relayer: 
2025-07-31T13:55:01.135Z [CrossChainResolver] ERROR: Error fetching orders from Sepolia relayer: 
